<?xml version="1.0" encoding="UTF-8"?>
<testng-results ignored="0" total="1" passed="1" failed="0" skipped="0">
  <reporter-output>
  </reporter-output>
  <suite started-at="2022-05-19T16:32:56 IST" name="Default suite" finished-at="2022-05-19T16:32:56 IST" duration-ms="41">
    <groups>
    </groups>
    <test started-at="2022-05-19T16:32:56 IST" name="Default test" finished-at="2022-05-19T16:32:56 IST" duration-ms="41">
      <class name="pack123.TestClass">
        <test-method is-config="true" signature="beforeClass()[pri:0, instance:pack123.TestClass@47d90b9e]" started-at="2022-05-19T16:32:56 IST" name="beforeClass" finished-at="2022-05-19T16:32:56 IST" duration-ms="6" status="PASS">
          <reporter-output>
          </reporter-output>
        </test-method> <!-- beforeClass -->
        <test-method is-config="true" signature="beforemethod()[pri:0, instance:pack123.TestClass@47d90b9e]" started-at="2022-05-19T16:32:56 IST" name="beforemethod" finished-at="2022-05-19T16:32:56 IST" duration-ms="0" status="PASS">
          <reporter-output>
          </reporter-output>
        </test-method> <!-- beforemethod -->
        <test-method signature="test()[pri:0, instance:pack123.TestClass@47d90b9e]" started-at="2022-05-19T16:32:56 IST" name="test" finished-at="2022-05-19T16:32:56 IST" duration-ms="4" status="PASS">
          <reporter-output>
          </reporter-output>
        </test-method> <!-- test -->
        <test-method is-config="true" signature="aftermethod()[pri:0, instance:pack123.TestClass@47d90b9e]" started-at="2022-05-19T16:32:56 IST" name="aftermethod" finished-at="2022-05-19T16:32:56 IST" duration-ms="0" status="PASS">
          <reporter-output>
          </reporter-output>
        </test-method> <!-- aftermethod -->
        <test-method is-config="true" signature="afterclass()[pri:0, instance:pack123.TestClass@47d90b9e]" started-at="2022-05-19T16:32:56 IST" name="afterclass" finished-at="2022-05-19T16:32:56 IST" duration-ms="1" status="PASS">
          <reporter-output>
          </reporter-output>
        </test-method> <!-- afterclass -->
      </class> <!-- pack123.TestClass -->
    </test> <!-- Default test -->
  </suite> <!-- Default suite -->
</testng-results>
